<?xml version="1.0" encoding="UTF-8"?>
<!-- Generated by org.testng.reporters.JUnitXMLReporter -->
<testsuite ignored="0" hostname="Unknown-b0:be:83:34:0b:00" failures="0" tests="3" name="Test1" time="6.082" errors="0" timestamp="2022-01-03T14:51:58 GMT">
  <testcase classname="com.test.TestNGMavenJenkins.SampleTestNgTest" name="testCase1" time="0.009"/>
  <testcase classname="com.test.TestNGMavenJenkins.SampleTestNgTest" name="testCase2" time="0.004"/>
  <testcase classname="com.test.TestNGMavenJenkins.SampleTestNgTest" name="testCase3" time="0.001"/>
</testsuite> <!-- Test1 -->
