<?xml version="1.0" encoding="UTF-8"?>
<testng-results ignored="0" total="3" passed="3" failed="0" skipped="0">
  <reporter-output>
  </reporter-output>
  <suite started-at="2022-01-03T14:51:52 GMT" name="Tests" finished-at="2022-01-03T14:51:58 GMT" duration-ms="6082">
    <groups>
    </groups>
    <test started-at="2022-01-03T14:51:52 GMT" name="Test1" finished-at="2022-01-03T14:51:58 GMT" duration-ms="6082">
      <class name="com.test.TestNGMavenJenkins.SampleTestNgTest">
        <test-method is-config="true" signature="setup()[pri:0, instance:com.test.TestNGMavenJenkins.SampleTestNgTest@672872e1]" started-at="2022-01-03T14:51:52 GMT" name="setup" finished-at="2022-01-03T14:51:58 GMT" duration-ms="5698" status="PASS">
          <reporter-output>
          </reporter-output>
        </test-method> <!-- setup -->
        <test-method signature="testCase1()[pri:0, instance:com.test.TestNGMavenJenkins.SampleTestNgTest@672872e1]" started-at="2022-01-03T14:51:58 GMT" name="testCase1" finished-at="2022-01-03T14:51:58 GMT" duration-ms="9" status="PASS">
          <reporter-output>
          </reporter-output>
        </test-method> <!-- testCase1 -->
        <test-method signature="testCase2()[pri:0, instance:com.test.TestNGMavenJenkins.SampleTestNgTest@672872e1]" started-at="2022-01-03T14:51:58 GMT" name="testCase2" finished-at="2022-01-03T14:51:58 GMT" duration-ms="4" status="PASS">
          <reporter-output>
          </reporter-output>
        </test-method> <!-- testCase2 -->
        <test-method signature="testCase3()[pri:0, instance:com.test.TestNGMavenJenkins.SampleTestNgTest@672872e1]" started-at="2022-01-03T14:51:58 GMT" name="testCase3" finished-at="2022-01-03T14:51:58 GMT" duration-ms="1" status="PASS">
          <reporter-output>
          </reporter-output>
        </test-method> <!-- testCase3 -->
        <test-method is-config="true" signature="tearDown()[pri:0, instance:com.test.TestNGMavenJenkins.SampleTestNgTest@672872e1]" started-at="2022-01-03T14:51:58 GMT" name="tearDown" finished-at="2022-01-03T14:51:58 GMT" duration-ms="329" status="PASS">
          <reporter-output>
          </reporter-output>
        </test-method> <!-- tearDown -->
      </class> <!-- com.test.TestNGMavenJenkins.SampleTestNgTest -->
    </test> <!-- Test1 -->
  </suite> <!-- Tests -->
</testng-results>
